0 info it worked if it ends with ok
1 verbose cli [ '/usr/local/Cellar/node/6.2.1/bin/node',
1 verbose cli   '/usr/local/bin/npm',
1 verbose cli   'run',
1 verbose cli   'webpack' ]
2 info using npm@3.9.3
3 info using node@v6.2.1
4 verbose run-script [ 'prewebpack', 'webpack', 'postwebpack' ]
5 info lifecycle @~prewebpack: @
6 silly lifecycle @~prewebpack: no script for prewebpack, continuing
7 info lifecycle @~webpack: @
8 verbose lifecycle @~webpack: unsafe-perm in lifecycle true
9 verbose lifecycle @~webpack: PATH: /usr/local/lib/node_modules/npm/bin/node-gyp-bin:/Users/deepak/code/personal/moocfetcher-appliance/node_modules/.bin:/usr/local/Cellar/node/6.2.1/bin:/Users/deepak/.local/bin:/Applications/ghc-7.10.3.app/Contents/bin:/usr/local/bin:/usr/bin:/bin:/usr/sbin:/sbin:/opt/X11/bin:/Library/TeX/texbin:/Users/deepak/.local/bin:/Applications/ghc-7.10.3.app/Contents/bin
10 verbose lifecycle @~webpack: CWD: /Users/deepak/code/personal/moocfetcher-appliance
11 silly lifecycle @~webpack: Args: [ '-c', 'webpack --watch' ]
12 silly lifecycle @~webpack: Returned: code: 1  signal: null
13 info lifecycle @~webpack: Failed to exec webpack script
14 verbose stack Error: @ webpack: `webpack --watch`
14 verbose stack Exit status 1
14 verbose stack     at EventEmitter.<anonymous> (/usr/local/lib/node_modules/npm/lib/utils/lifecycle.js:245:16)
14 verbose stack     at emitTwo (events.js:106:13)
14 verbose stack     at EventEmitter.emit (events.js:191:7)
14 verbose stack     at ChildProcess.<anonymous> (/usr/local/lib/node_modules/npm/lib/utils/spawn.js:24:14)
14 verbose stack     at emitTwo (events.js:106:13)
14 verbose stack     at ChildProcess.emit (events.js:191:7)
14 verbose stack     at maybeClose (internal/child_process.js:852:16)
14 verbose stack     at Process.ChildProcess._handle.onexit (internal/child_process.js:215:5)
15 verbose pkgid @
16 verbose cwd /Users/deepak/code/personal/moocfetcher-appliance
17 error Darwin 15.5.0
18 error argv "/usr/local/Cellar/node/6.2.1/bin/node" "/usr/local/bin/npm" "run" "webpack"
19 error node v6.2.1
20 error npm  v3.9.3
21 error code ELIFECYCLE
22 error @ webpack: `webpack --watch`
22 error Exit status 1
23 error Failed at the @ webpack script 'webpack --watch'.
23 error Make sure you have the latest version of node.js and npm installed.
23 error If you do, this is most likely a problem with the  package,
23 error not with npm itself.
23 error Tell the author that this fails on your system:
23 error     webpack --watch
23 error You can get information on how to open an issue for this project with:
23 error     npm bugs
23 error Or if that isn't available, you can get their info via:
23 error     npm owner ls
23 error There is likely additional logging output above.
24 verbose exit [ 1, true ]
